MovilesApp/app/build/intermediates/manifest_merge_blame_file/debug/processDebugMainManifest/manifest-merger-blame-debug-report.txt
1<?xml version="1.0" encoding="utf-8"?>
2<manifest xmlns:android="http://schemas.android.com/apk/res/android"
3    package="com.example.movilesapp"
4    android:versionCode="1"
5    android:versionName="1.0" >
6
7    <uses-sdk
8        android:minSdkVersion="23"
9        android:targetSdkVersion="34" />
10
11    <!-- Include required permissions for Google Maps API to run. -->
12    <uses-permission android:name="android.permission.ACCESS_NETWORK_STATE" />
12-->[com.google.android.gms:play-services-maps:19.2.0] AndroidManifest.xml:20:5-78
12-->[com.google.android.gms:play-services-maps:19.2.0] AndroidManifest.xml:20:22-76
13    <uses-permission android:name="android.permission.INTERNET" />
13-->[com.google.android.gms:play-services-maps:19.2.0] AndroidManifest.xml:21:5-66
13-->[com.google.android.gms:play-services-maps:19.2.0] AndroidManifest.xml:21:22-64
14
15    <uses-feature
15-->[com.google.android.gms:play-services-maps:19.2.0] AndroidManifest.xml:22:5-24:33
16        android:glEsVersion="0x00020000"
16-->[com.google.android.gms:play-services-maps:19.2.0] AndroidManifest.xml:23:8-40
17        android:required="true" />
17-->[com.google.android.gms:play-services-maps:19.2.0] AndroidManifest.xml:24:8-31
18
19    <queries>
19-->[com.google.android.gms:play-services-maps:19.2.0] AndroidManifest.xml:27:5-30:15
20
21        <!-- Needs to be explicitly declared on Android R+ -->
22        <package android:name="com.google.android.apps.maps" />
22-->[com.google.android.gms:play-services-maps:19.2.0] AndroidManifest.xml:29:7-61
22-->[com.google.android.gms:play-services-maps:19.2.0] AndroidManifest.xml:29:16-59
23        <!-- For browser content -->
24        <intent>
24-->[com.google.android.gms:play-services-ads-api:24.4.0] AndroidManifest.xml:38:9-44:18
25            <action android:name="android.intent.action.VIEW" />
25-->[com.google.firebase:firebase-auth:23.2.1] AndroidManifest.xml:36:17-69
25-->[com.google.firebase:firebase-auth:23.2.1] AndroidManifest.xml:36:25-66
26
27            <category android:name="android.intent.category.BROWSABLE" />
27-->[com.google.firebase:firebase-auth:23.2.1] AndroidManifest.xml:39:17-78
27-->[com.google.firebase:firebase-auth:23.2.1] AndroidManifest.xml:39:27-75
28
29            <data android:scheme="https" />
29-->[com.google.firebase:firebase-auth:23.2.1] AndroidManifest.xml:41:17-44:51
29-->[com.google.firebase:firebase-auth:23.2.1] AndroidManifest.xml:44:21-48
30        </intent> <!-- End of browser content -->
31        <!-- For CustomTabsService -->
32        <intent>
32-->[com.google.android.gms:play-services-ads-api:24.4.0] AndroidManifest.xml:47:9-49:18
33            <action android:name="android.support.customtabs.action.CustomTabsService" />
33-->[com.google.android.gms:play-services-ads-api:24.4.0] AndroidManifest.xml:48:13-90
33-->[com.google.android.gms:play-services-ads-api:24.4.0] AndroidManifest.xml:48:21-87
34        </intent> <!-- End of CustomTabsService -->
35        <!-- For MRAID capabilities -->
36        <intent>
36-->[com.google.android.gms:play-services-ads-api:24.4.0] AndroidManifest.xml:52:9-56:18
37            <action android:name="android.intent.action.INSERT" />
37-->[com.google.android.gms:play-services-ads-api:24.4.0] AndroidManifest.xml:53:13-67
37-->[com.google.android.gms:play-services-ads-api:24.4.0] AndroidManifest.xml:53:21-64
38
39            <data android:mimeType="vnd.android.cursor.dir/event" />
39-->[com.google.firebase:firebase-auth:23.2.1] AndroidManifest.xml:41:17-44:51
40        </intent>
41        <intent>
41-->[com.google.android.gms:play-services-ads-api:24.4.0] AndroidManifest.xml:57:9-61:18
42            <action android:name="android.intent.action.VIEW" />
42-->[com.google.firebase:firebase-auth:23.2.1] AndroidManifest.xml:36:17-69
42-->[com.google.firebase:firebase-auth:23.2.1] AndroidManifest.xml:36:25-66
43
44            <data android:scheme="sms" />
44-->[com.google.firebase:firebase-auth:23.2.1] AndroidManifest.xml:41:17-44:51
44-->[com.google.firebase:firebase-auth:23.2.1] AndroidManifest.xml:44:21-48
45        </intent>
46        <intent>
46-->[com.google.android.gms:play-services-ads-api:24.4.0] AndroidManifest.xml:62:9-66:18
47            <action android:name="android.intent.action.DIAL" />
47-->[com.google.android.gms:play-services-ads-api:24.4.0] AndroidManifest.xml:63:13-65
47-->[com.google.android.gms:play-services-ads-api:24.4.0] AndroidManifest.xml:63:21-62
48
49            <data android:path="tel:" />
49-->[com.google.firebase:firebase-auth:23.2.1] AndroidManifest.xml:41:17-44:51
49-->[com.google.firebase:firebase-auth:23.2.1] AndroidManifest.xml:43:21-37
50        </intent>
51    </queries>
52
53    <uses-permission android:name="com.google.android.gms.permission.AD_ID" />
53-->[com.google.android.gms:play-services-ads-api:24.4.0] AndroidManifest.xml:26:5-79
53-->[com.google.android.gms:play-services-ads-api:24.4.0] AndroidManifest.xml:26:22-76
54    <uses-permission android:name="android.permission.ACCESS_ADSERVICES_AD_ID" />
54-->[com.google.android.gms:play-services-ads-api:24.4.0] AndroidManifest.xml:27:5-82
54-->[com.google.android.gms:play-services-ads-api:24.4.0] AndroidManifest.xml:27:22-79
55    <uses-permission android:name="android.permission.ACCESS_ADSERVICES_ATTRIBUTION" />
55-->[com.google.android.gms:play-services-ads-api:24.4.0] AndroidManifest.xml:28:5-88
55-->[com.google.android.gms:play-services-ads-api:24.4.0] AndroidManifest.xml:28:22-85
56    <uses-permission android:name="android.permission.ACCESS_ADSERVICES_TOPICS" />
56-->[com.google.android.gms:play-services-ads-api:24.4.0] AndroidManifest.xml:29:5-83
56-->[com.google.android.gms:play-services-ads-api:24.4.0] AndroidManifest.xml:29:22-80
57    <uses-permission android:name="com.google.android.providers.gsf.permission.READ_GSERVICES" />
57-->[com.google.android.recaptcha:recaptcha:18.6.1] AndroidManifest.xml:9:5-98
57-->[com.google.android.recaptcha:recaptcha:18.6.1] AndroidManifest.xml:9:22-95
58    <uses-permission android:name="android.permission.WAKE_LOCK" />
58-->[androidx.work:work-runtime:2.7.0] AndroidManifest.xml:25:5-68
58-->[androidx.work:work-runtime:2.7.0] AndroidManifest.xml:25:22-65
59    <uses-permission android:name="android.permission.FOREGROUND_SERVICE" />
59-->[androidx.work:work-runtime:2.7.0] AndroidManifest.xml:28:5-77
59-->[androidx.work:work-runtime:2.7.0] AndroidManifest.xml:28:22-74
60
61    <permission
61-->[androidx.core:core:1.10.0] AndroidManifest.xml:22:5-24:47
62        android:name="com.example.movilesapp.DYNAMIC_RECEIVER_NOT_EXPORTED_PERMISSION"
62-->[androidx.core:core:1.10.0] AndroidManifest.xml:23:9-81
63        android:protectionLevel="signature" />
63-->[androidx.core:core:1.10.0] AndroidManifest.xml:24:9-44
64
65    <uses-permission android:name="com.example.movilesapp.DYNAMIC_RECEIVER_NOT_EXPORTED_PERMISSION" />
65-->[androidx.core:core:1.10.0] AndroidManifest.xml:26:5-97
65-->[androidx.core:core:1.10.0] AndroidManifest.xml:26:22-94
66
67    <application
67-->src/main/AndroidManifest.xml:5:5-36:19
68        android:allowBackup="true"
68-->src/main/AndroidManifest.xml:6:9-35
69        android:appComponentFactory="androidx.core.app.CoreComponentFactory"
69-->[androidx.core:core:1.10.0] AndroidManifest.xml:28:18-86
70        android:dataExtractionRules="@xml/data_extraction_rules"
70-->src/main/AndroidManifest.xml:7:9-65
71        android:debuggable="true"
72        android:extractNativeLibs="false"
73        android:fullBackupContent="@xml/backup_rules"
73-->src/main/AndroidManifest.xml:8:9-54
74        android:icon="@mipmap/ic_launcher"
74-->src/main/AndroidManifest.xml:9:9-43
75        android:label="@string/app_name"
75-->src/main/AndroidManifest.xml:10:9-41
76        android:roundIcon="@mipmap/ic_launcher_round"
76-->src/main/AndroidManifest.xml:11:9-54
77        android:supportsRtl="true"
77-->src/main/AndroidManifest.xml:12:9-35
78        android:testOnly="true"
79        android:theme="@style/Theme.MovilesApp" >
79-->src/main/AndroidManifest.xml:13:9-48
80        <meta-data
80-->src/main/AndroidManifest.xml:17:9-19:69
81            android:name="com.google.android.gms.ads.APPLICATION_ID"
81-->src/main/AndroidManifest.xml:18:13-69
82            android:value="ca-app-pub-1095473884479372~8892644007" />
82-->src/main/AndroidManifest.xml:19:13-67
83        <meta-data
83-->src/main/AndroidManifest.xml:21:9-23:71
84            android:name="com.google.android.geo.API_KEY"
84-->src/main/AndroidManifest.xml:22:13-58
85            android:value="AIzaSyAo8gmdSUtBSK42fqJH_GFr44tNn-8JeM4" />
85-->src/main/AndroidManifest.xml:23:13-68
86
87        <activity
87-->src/main/AndroidManifest.xml:25:9-35:20
88            android:name="com.example.movilesapp.MainActivity"
88-->src/main/AndroidManifest.xml:26:13-41
89            android:exported="true"
89-->src/main/AndroidManifest.xml:27:13-36
90            android:label="@string/app_name"
90-->src/main/AndroidManifest.xml:28:13-45
91            android:theme="@style/Theme.MovilesApp" >
91-->src/main/AndroidManifest.xml:29:13-52
92            <intent-filter>
92-->src/main/AndroidManifest.xml:30:13-34:29
93                <action android:name="android.intent.action.MAIN" />
93-->src/main/AndroidManifest.xml:31:17-69
93-->src/main/AndroidManifest.xml:31:25-66
94
95                <category android:name="android.intent.category.LAUNCHER" />
95-->src/main/AndroidManifest.xml:33:17-77
95-->src/main/AndroidManifest.xml:33:27-74
96            </intent-filter>
97        </activity>
98        <activity
98-->[androidx.compose.ui:ui-tooling-android:1.5.4] AndroidManifest.xml:23:9-25:39
99            android:name="androidx.compose.ui.tooling.PreviewActivity"
99-->[androidx.compose.ui:ui-tooling-android:1.5.4] AndroidManifest.xml:24:13-71
100            android:exported="true" />
100-->[androidx.compose.ui:ui-tooling-android:1.5.4] AndroidManifest.xml:25:13-36
101        <activity
101-->[androidx.compose.ui:ui-test-manifest:1.5.4] AndroidManifest.xml:23:9-25:39
102            android:name="androidx.activity.ComponentActivity"
102-->[androidx.compose.ui:ui-test-manifest:1.5.4] AndroidManifest.xml:24:13-63
103            android:exported="true" /> <!-- Needs to be explicitly declared on P+ -->
103-->[androidx.compose.ui:ui-test-manifest:1.5.4] AndroidManifest.xml:25:13-36
104        <uses-library
104-->[com.google.android.gms:play-services-maps:19.2.0] AndroidManifest.xml:33:7-86
105            android:name="org.apache.http.legacy"
105-->[com.google.android.gms:play-services-maps:19.2.0] AndroidManifest.xml:33:21-58
106            android:required="false" />
106-->[com.google.android.gms:play-services-maps:19.2.0] AndroidManifest.xml:33:59-83
107
108        <activity
108-->[com.google.firebase:firebase-auth:23.2.1] AndroidManifest.xml:29:9-46:20
109            android:name="com.google.firebase.auth.internal.GenericIdpActivity"
109-->[com.google.firebase:firebase-auth:23.2.1] AndroidManifest.xml:30:13-80
110            android:excludeFromRecents="true"
110-->[com.google.firebase:firebase-auth:23.2.1] AndroidManifest.xml:31:13-46
111            android:exported="true"
111-->[com.google.firebase:firebase-auth:23.2.1] AndroidManifest.xml:32:13-36
112            android:launchMode="singleTask"
112-->[com.google.firebase:firebase-auth:23.2.1] AndroidManifest.xml:33:13-44
113            android:theme="@android:style/Theme.Translucent.NoTitleBar" >
113-->[com.google.firebase:firebase-auth:23.2.1] AndroidManifest.xml:34:13-72
114            <intent-filter>
114-->[com.google.firebase:firebase-auth:23.2.1] AndroidManifest.xml:35:13-45:29
115                <action android:name="android.intent.action.VIEW" />
115-->[com.google.firebase:firebase-auth:23.2.1] AndroidManifest.xml:36:17-69
115-->[com.google.firebase:firebase-auth:23.2.1] AndroidManifest.xml:36:25-66
116
117                <category android:name="android.intent.category.DEFAULT" />
117-->[com.google.firebase:firebase-auth:23.2.1] AndroidManifest.xml:38:17-76
117-->[com.google.firebase:firebase-auth:23.2.1] AndroidManifest.xml:38:27-73
118                <category android:name="android.intent.category.BROWSABLE" />
118-->[com.google.firebase:firebase-auth:23.2.1] AndroidManifest.xml:39:17-78
118-->[com.google.firebase:firebase-auth:23.2.1] AndroidManifest.xml:39:27-75
119
120                <data
120-->[com.google.firebase:firebase-auth:23.2.1] AndroidManifest.xml:41:17-44:51
121                    android:host="firebase.auth"
121-->[com.google.firebase:firebase-auth:23.2.1] AndroidManifest.xml:42:21-49
122                    android:path="/"
122-->[com.google.firebase:firebase-auth:23.2.1] AndroidManifest.xml:43:21-37
123                    android:scheme="genericidp" />
123-->[com.google.firebase:firebase-auth:23.2.1] AndroidManifest.xml:44:21-48
124            </intent-filter>
125        </activity>
126        <activity
126-->[com.google.firebase:firebase-auth:23.2.1] AndroidManifest.xml:47:9-64:20
127            android:name="com.google.firebase.auth.internal.RecaptchaActivity"
127-->[com.google.firebase:firebase-auth:23.2.1] AndroidManifest.xml:48:13-79
128            android:excludeFromRecents="true"
128-->[com.google.firebase:firebase-auth:23.2.1] AndroidManifest.xml:49:13-46
129            android:exported="true"
129-->[com.google.firebase:firebase-auth:23.2.1] AndroidManifest.xml:50:13-36
130            android:launchMode="singleTask"
130-->[com.google.firebase:firebase-auth:23.2.1] AndroidManifest.xml:51:13-44
131            android:theme="@android:style/Theme.Translucent.NoTitleBar" >
131-->[com.google.firebase:firebase-auth:23.2.1] AndroidManifest.xml:52:13-72
132            <intent-filter>
132-->[com.google.firebase:firebase-auth:23.2.1] AndroidManifest.xml:53:13-63:29
133                <action android:name="android.intent.action.VIEW" />
133-->[com.google.firebase:firebase-auth:23.2.1] AndroidManifest.xml:36:17-69
133-->[com.google.firebase:firebase-auth:23.2.1] AndroidManifest.xml:36:25-66
134
135                <category android:name="android.intent.category.DEFAULT" />
135-->[com.google.firebase:firebase-auth:23.2.1] AndroidManifest.xml:38:17-76
135-->[com.google.firebase:firebase-auth:23.2.1] AndroidManifest.xml:38:27-73
136                <category android:name="android.intent.category.BROWSABLE" />
136-->[com.google.firebase:firebase-auth:23.2.1] AndroidManifest.xml:39:17-78
136-->[com.google.firebase:firebase-auth:23.2.1] AndroidManifest.xml:39:27-75
137
138                <data
138-->[com.google.firebase:firebase-auth:23.2.1] AndroidManifest.xml:41:17-44:51
139                    android:host="firebase.auth"
139-->[com.google.firebase:firebase-auth:23.2.1] AndroidManifest.xml:42:21-49
140                    android:path="/"
140-->[com.google.firebase:firebase-auth:23.2.1] AndroidManifest.xml:43:21-37
141                    android:scheme="recaptcha" />
141-->[com.google.firebase:firebase-auth:23.2.1] AndroidManifest.xml:44:21-48
142            </intent-filter>
143        </activity>
144
145        <service
145-->[com.google.firebase:firebase-auth:23.2.1] AndroidManifest.xml:66:9-72:19
146            android:name="com.google.firebase.components.ComponentDiscoveryService"
146-->[com.google.firebase:firebase-auth:23.2.1] AndroidManifest.xml:67:13-84
147            android:directBootAware="true"
147-->[com.google.firebase:firebase-common:21.0.0] AndroidManifest.xml:32:13-43
148            android:exported="false" >
148-->[com.google.firebase:firebase-auth:23.2.1] AndroidManifest.xml:68:13-37
149            <meta-data
149-->[com.google.firebase:firebase-auth:23.2.1] AndroidManifest.xml:69:13-71:85
150                android:name="com.google.firebase.components:com.google.firebase.auth.FirebaseAuthRegistrar"
150-->[com.google.firebase:firebase-auth:23.2.1] AndroidManifest.xml:70:17-109
151                android:value="com.google.firebase.components.ComponentRegistrar" />
151-->[com.google.firebase:firebase-auth:23.2.1] AndroidManifest.xml:71:17-82
152            <meta-data
152-->[com.google.firebase:firebase-common-ktx:21.0.0] AndroidManifest.xml:12:13-14:85
153                android:name="com.google.firebase.components:com.google.firebase.ktx.FirebaseCommonLegacyRegistrar"
153-->[com.google.firebase:firebase-common-ktx:21.0.0] AndroidManifest.xml:13:17-116
154                android:value="com.google.firebase.components.ComponentRegistrar" />
154-->[com.google.firebase:firebase-common-ktx:21.0.0] AndroidManifest.xml:14:17-82
155            <meta-data
155-->[com.google.firebase:firebase-common:21.0.0] AndroidManifest.xml:35:13-37:85
156                android:name="com.google.firebase.components:com.google.firebase.FirebaseCommonKtxRegistrar"
156-->[com.google.firebase:firebase-common:21.0.0] AndroidManifest.xml:36:17-109
157                android:value="com.google.firebase.components.ComponentRegistrar" />
157-->[com.google.firebase:firebase-common:21.0.0] AndroidManifest.xml:37:17-82
158        </service>
159        <service
159-->[androidx.credentials:credentials-play-services-auth:1.2.0-rc01] AndroidManifest.xml:24:9-32:19
160            android:name="androidx.credentials.playservices.CredentialProviderMetadataHolder"
160-->[androidx.credentials:credentials-play-services-auth:1.2.0-rc01] AndroidManifest.xml:25:13-94
161            android:enabled="true"
161-->[androidx.credentials:credentials-play-services-auth:1.2.0-rc01] AndroidManifest.xml:26:13-35
162            android:exported="false" >
162-->[androidx.credentials:credentials-play-services-auth:1.2.0-rc01] AndroidManifest.xml:27:13-37
163            <meta-data
163-->[androidx.credentials:credentials-play-services-auth:1.2.0-rc01] AndroidManifest.xml:29:13-31:104
164                android:name="androidx.credentials.CREDENTIAL_PROVIDER_KEY"
164-->[androidx.credentials:credentials-play-services-auth:1.2.0-rc01] AndroidManifest.xml:30:17-76
165                android:value="androidx.credentials.playservices.CredentialProviderPlayServicesImpl" />
165-->[androidx.credentials:credentials-play-services-auth:1.2.0-rc01] AndroidManifest.xml:31:17-101
166        </service>
167
168        <activity
168-->[androidx.credentials:credentials-play-services-auth:1.2.0-rc01] AndroidManifest.xml:34:9-41:20
169            android:name="androidx.credentials.playservices.HiddenActivity"
169-->[androidx.credentials:credentials-play-services-auth:1.2.0-rc01] AndroidManifest.xml:35:13-76
170            android:configChanges="orientation|screenSize|screenLayout|keyboardHidden"
170-->[androidx.credentials:credentials-play-services-auth:1.2.0-rc01] AndroidManifest.xml:36:13-87
171            android:enabled="true"
171-->[androidx.credentials:credentials-play-services-auth:1.2.0-rc01] AndroidManifest.xml:37:13-35
172            android:exported="false"
172-->[androidx.credentials:credentials-play-services-auth:1.2.0-rc01] AndroidManifest.xml:38:13-37
173            android:fitsSystemWindows="true"
173-->[androidx.credentials:credentials-play-services-auth:1.2.0-rc01] AndroidManifest.xml:39:13-45
174            android:theme="@style/Theme.Hidden" >
174-->[androidx.credentials:credentials-play-services-auth:1.2.0-rc01] AndroidManifest.xml:40:13-48
175        </activity>
176        <activity
176-->[com.google.android.gms:play-services-auth:20.7.0] AndroidManifest.xml:23:9-27:75
177            android:name="com.google.android.gms.auth.api.signin.internal.SignInHubActivity"
177-->[com.google.android.gms:play-services-auth:20.7.0] AndroidManifest.xml:24:13-93
178            android:excludeFromRecents="true"
178-->[com.google.android.gms:play-services-auth:20.7.0] AndroidManifest.xml:25:13-46
179            android:exported="false"
179-->[com.google.android.gms:play-services-auth:20.7.0] AndroidManifest.xml:26:13-37
180            android:theme="@android:style/Theme.Translucent.NoTitleBar" />
180-->[com.google.android.gms:play-services-auth:20.7.0] AndroidManifest.xml:27:13-72
181        <!--
182            Service handling Google Sign-In user revocation. For apps that do not integrate with
183            Google Sign-In, this service will never be started.
184        -->
185        <service
185-->[com.google.android.gms:play-services-auth:20.7.0] AndroidManifest.xml:33:9-37:51
186            android:name="com.google.android.gms.auth.api.signin.RevocationBoundService"
186-->[com.google.android.gms:play-services-auth:20.7.0] AndroidManifest.xml:34:13-89
187            android:exported="true"
187-->[com.google.android.gms:play-services-auth:20.7.0] AndroidManifest.xml:35:13-36
188            android:permission="com.google.android.gms.auth.api.signin.permission.REVOCATION_NOTIFICATION"
188-->[com.google.android.gms:play-services-auth:20.7.0] AndroidManifest.xml:36:13-107
189            android:visibleToInstantApps="true" />
189-->[com.google.android.gms:play-services-auth:20.7.0] AndroidManifest.xml:37:13-48
190
191        <activity
191-->[com.google.android.gms:play-services-base:18.5.0] AndroidManifest.xml:5:9-173
192            android:name="com.google.android.gms.common.api.GoogleApiActivity"
192-->[com.google.android.gms:play-services-base:18.5.0] AndroidManifest.xml:5:19-85
193            android:exported="false"
193-->[com.google.android.gms:play-services-base:18.5.0] AndroidManifest.xml:5:146-170
194            android:theme="@android:style/Theme.Translucent.NoTitleBar" /> <!-- Include the AdActivity and InAppPurchaseActivity configChanges and themes. -->
194-->[com.google.android.gms:play-services-base:18.5.0] AndroidManifest.xml:5:86-145
195        <activity
195-->[com.google.android.gms:play-services-ads-api:24.4.0] AndroidManifest.xml:73:9-78:43
196            android:name="com.google.android.gms.ads.AdActivity"
196-->[com.google.android.gms:play-services-ads-api:24.4.0] AndroidManifest.xml:74:13-65
197            android:configChanges="keyboard|keyboardHidden|orientation|screenLayout|uiMode|screenSize|smallestScreenSize"
197-->[com.google.android.gms:play-services-ads-api:24.4.0] AndroidManifest.xml:75:13-122
198            android:exported="false"
198-->[com.google.android.gms:play-services-ads-api:24.4.0] AndroidManifest.xml:76:13-37
199            android:theme="@android:style/Theme.Translucent" />
199-->[com.google.android.gms:play-services-ads-api:24.4.0] AndroidManifest.xml:77:13-61
200
201        <provider
201-->[com.google.android.gms:play-services-ads-api:24.4.0] AndroidManifest.xml:80:9-85:43
202            android:name="com.google.android.gms.ads.MobileAdsInitProvider"
202-->[com.google.android.gms:play-services-ads-api:24.4.0] AndroidManifest.xml:81:13-76
203            android:authorities="com.example.movilesapp.mobileadsinitprovider"
203-->[com.google.android.gms:play-services-ads-api:24.4.0] AndroidManifest.xml:82:13-73
204            android:exported="false"
204-->[com.google.android.gms:play-services-ads-api:24.4.0] AndroidManifest.xml:83:13-37
205            android:initOrder="100" />
205-->[com.google.android.gms:play-services-ads-api:24.4.0] AndroidManifest.xml:84:13-36
206
207        <service
207-->[com.google.android.gms:play-services-ads-api:24.4.0] AndroidManifest.xml:87:9-91:43
208            android:name="com.google.android.gms.ads.AdService"
208-->[com.google.android.gms:play-services-ads-api:24.4.0] AndroidManifest.xml:88:13-64
209            android:enabled="true"
209-->[com.google.android.gms:play-services-ads-api:24.4.0] AndroidManifest.xml:89:13-35
210            android:exported="false" />
210-->[com.google.android.gms:play-services-ads-api:24.4.0] AndroidManifest.xml:90:13-37
211
212        <activity
212-->[com.google.android.gms:play-services-ads-api:24.4.0] AndroidManifest.xml:93:9-97:43
213            android:name="com.google.android.gms.ads.OutOfContextTestingActivity"
213-->[com.google.android.gms:play-services-ads-api:24.4.0] AndroidManifest.xml:94:13-82
214            android:configChanges="keyboard|keyboardHidden|orientation|screenLayout|uiMode|screenSize|smallestScreenSize"
214-->[com.google.android.gms:play-services-ads-api:24.4.0] AndroidManifest.xml:95:13-122
215            android:exported="false" />
215-->[com.google.android.gms:play-services-ads-api:24.4.0] AndroidManifest.xml:96:13-37
216        <activity
216-->[com.google.android.gms:play-services-ads-api:24.4.0] AndroidManifest.xml:98:9-105:43
217            android:name="com.google.android.gms.ads.NotificationHandlerActivity"
217-->[com.google.android.gms:play-services-ads-api:24.4.0] AndroidManifest.xml:99:13-82
218            android:excludeFromRecents="true"
218-->[com.google.android.gms:play-services-ads-api:24.4.0] AndroidManifest.xml:100:13-46
219            android:exported="false"
219-->[com.google.android.gms:play-services-ads-api:24.4.0] AndroidManifest.xml:101:13-37
220            android:launchMode="singleTask"
220-->[com.google.android.gms:play-services-ads-api:24.4.0] AndroidManifest.xml:102:13-44
221            android:taskAffinity=""
221-->[com.google.android.gms:play-services-ads-api:24.4.0] AndroidManifest.xml:103:13-36
222            android:theme="@android:style/Theme.Translucent.NoTitleBar" />
222-->[com.google.android.gms:play-services-ads-api:24.4.0] AndroidManifest.xml:104:13-72
223
224        <meta-data
224-->[com.google.android.gms:play-services-ads-api:24.4.0] AndroidManifest.xml:107:9-109:36
225            android:name="com.google.android.gms.ads.flag.OPTIMIZE_AD_LOADING"
225-->[com.google.android.gms:play-services-ads-api:24.4.0] AndroidManifest.xml:108:13-79
226            android:value="true" />
226-->[com.google.android.gms:play-services-ads-api:24.4.0] AndroidManifest.xml:109:13-33
227        <meta-data
227-->[com.google.android.gms:play-services-ads-api:24.4.0] AndroidManifest.xml:110:9-112:36
228            android:name="com.google.android.gms.ads.flag.OPTIMIZE_INITIALIZATION"
228-->[com.google.android.gms:play-services-ads-api:24.4.0] AndroidManifest.xml:111:13-83
229            android:value="true" />
229-->[com.google.android.gms:play-services-ads-api:24.4.0] AndroidManifest.xml:112:13-33
230
231        <provider
231-->[com.google.firebase:firebase-common:21.0.0] AndroidManifest.xml:23:9-28:39
232            android:name="com.google.firebase.provider.FirebaseInitProvider"
232-->[com.google.firebase:firebase-common:21.0.0] AndroidManifest.xml:24:13-77
233            android:authorities="com.example.movilesapp.firebaseinitprovider"
233-->[com.google.firebase:firebase-common:21.0.0] AndroidManifest.xml:25:13-72
234            android:directBootAware="true"
234-->[com.google.firebase:firebase-common:21.0.0] AndroidManifest.xml:26:13-43
235            android:exported="false"
235-->[com.google.firebase:firebase-common:21.0.0] AndroidManifest.xml:27:13-37
236            android:initOrder="100" />
236-->[com.google.firebase:firebase-common:21.0.0] AndroidManifest.xml:28:13-36
237
238        <uses-library
238-->[androidx.privacysandbox.ads:ads-adservices:1.0.0-beta05] AndroidManifest.xml:23:9-25:40
239            android:name="android.ext.adservices"
239-->[androidx.privacysandbox.ads:ads-adservices:1.0.0-beta05] AndroidManifest.xml:24:13-50
240            android:required="false" />
240-->[androidx.privacysandbox.ads:ads-adservices:1.0.0-beta05] AndroidManifest.xml:25:13-37
241
242        <provider
242-->[androidx.work:work-runtime:2.7.0] AndroidManifest.xml:31:9-39:20
243            android:name="androidx.startup.InitializationProvider"
243-->[androidx.work:work-runtime:2.7.0] AndroidManifest.xml:32:13-67
244            android:authorities="com.example.movilesapp.androidx-startup"
244-->[androidx.work:work-runtime:2.7.0] AndroidManifest.xml:33:13-68
245            android:exported="false" >
245-->[androidx.work:work-runtime:2.7.0] AndroidManifest.xml:34:13-37
246            <meta-data
246-->[androidx.work:work-runtime:2.7.0] AndroidManifest.xml:36:13-38:52
247                android:name="androidx.work.WorkManagerInitializer"
247-->[androidx.work:work-runtime:2.7.0] AndroidManifest.xml:37:17-68
248                android:value="androidx.startup" />
248-->[androidx.work:work-runtime:2.7.0] AndroidManifest.xml:38:17-49
249            <meta-data
249-->[androidx.emoji2:emoji2:1.4.0] AndroidManifest.xml:29:13-31:52
250                android:name="androidx.emoji2.text.EmojiCompatInitializer"
250-->[androidx.emoji2:emoji2:1.4.0] AndroidManifest.xml:30:17-75
251                android:value="androidx.startup" />
251-->[androidx.emoji2:emoji2:1.4.0] AndroidManifest.xml:31:17-49
252            <meta-data
252-->[androidx.lifecycle:lifecycle-process:2.6.2] AndroidManifest.xml:29:13-31:52
253                android:name="androidx.lifecycle.ProcessLifecycleInitializer"
253-->[androidx.lifecycle:lifecycle-process:2.6.2] AndroidManifest.xml:30:17-78
254                android:value="androidx.startup" />
254-->[androidx.lifecycle:lifecycle-process:2.6.2] AndroidManifest.xml:31:17-49
255            <meta-data
255-->[androidx.profileinstaller:profileinstaller:1.3.0] AndroidManifest.xml:29:13-31:52
256                android:name="androidx.profileinstaller.ProfileInstallerInitializer"
256-->[androidx.profileinstaller:profileinstaller:1.3.0] AndroidManifest.xml:30:17-85
257                android:value="androidx.startup" />
257-->[androidx.profileinstaller:profileinstaller:1.3.0] AndroidManifest.xml:31:17-49
258        </provider>
259
260        <service
260-->[androidx.work:work-runtime:2.7.0] AndroidManifest.xml:41:9-46:35
261            android:name="androidx.work.impl.background.systemalarm.SystemAlarmService"
261-->[androidx.work:work-runtime:2.7.0] AndroidManifest.xml:42:13-88
262            android:directBootAware="false"
262-->[androidx.work:work-runtime:2.7.0] AndroidManifest.xml:43:13-44
263            android:enabled="@bool/enable_system_alarm_service_default"
263-->[androidx.work:work-runtime:2.7.0] AndroidManifest.xml:44:13-72
264            android:exported="false" />
264-->[androidx.work:work-runtime:2.7.0] AndroidManifest.xml:45:13-37
265        <service
265-->[androidx.work:work-runtime:2.7.0] AndroidManifest.xml:47:9-53:35